<?xml version="1.0" encoding="UTF-8"?>
<!-- Generated by org.testng.reporters.JUnitXMLReporter -->
<testsuite hostname="E0268539" ignored="0" name="DetailsForNewSim" tests="3" failures="2" timestamp="07 Jun 2018 16:47:46 GMT" time="15.193" errors="0">
  <testcase name="@BeforeClass LounchBrowser" time="15.124" classname="VOXI.VoxiOrder">
    <failure type="org.openqa.selenium.SessionNotCreatedException" message="session not created exception
from disconnected: received Inspector.detached event
  (Session info: chrome=66.0.3359.181)
  (Driver info: chromedriver=2.38.552522 (437e6fbedfa8762dec75e2c5b3ddb86763dc9dcb),platform=Windows NT 10.0.14393 x86_64) (WARNING: The server did not provide any stacktrace information)
Command duration or timeout: 12.77 seconds
Build info: version: &amp;apos;3.12.0&amp;apos;, revision: &amp;apos;7c6e0b3&amp;apos;, time: &amp;apos;2018-05-08T15:15:03.216Z&amp;apos;
System info: host: &amp;apos;E0268539&amp;apos;, ip: &amp;apos;10.38.218.41&amp;apos;, os.name: &amp;apos;Windows 10&amp;apos;, os.arch: &amp;apos;amd64&amp;apos;, os.version: &amp;apos;10.0&amp;apos;, java.version: &amp;apos;1.8.0_121&amp;apos;
Driver info: driver.version: ChromeDriver">
      <![CDATA[org.openqa.selenium.SessionNotCreatedException: session not created exception
from disconnected: received Inspector.detached event
  (Session info: chrome=66.0.3359.181)
  (Driver info: chromedriver=2.38.552522 (437e6fbedfa8762dec75e2c5b3ddb86763dc9dcb),platform=Windows NT 10.0.14393 x86_64) (WARNING: The server did not provide any stacktrace information)
Command duration or timeout: 12.77 seconds
Build info: version: '3.12.0', revision: '7c6e0b3', time: '2018-05-08T15:15:03.216Z'
System info: host: 'E0268539', ip: '10.38.218.41', os.name: 'Windows 10', os.arch: 'amd64', os.version: '10.0', java.version: '1.8.0_121'
Driver info: driver.version: ChromeDriver
at org.openqa.selenium.remote.ErrorHandler.createThrowable(ErrorHandler.java:214)
at org.openqa.selenium.remote.ErrorHandler.throwIfResponseFailed(ErrorHandler.java:166)
at org.openqa.selenium.remote.JsonWireProtocolResponse.lambda$new$0(JsonWireProtocolResponse.java:53)
at org.openqa.selenium.remote.JsonWireProtocolResponse.lambda$getResponseFunction$2(JsonWireProtocolResponse.java:91)
at org.openqa.selenium.remote.ProtocolHandshake.lambda$createSession$0(ProtocolHandshake.java:123)
at java.util.stream.ReferencePipeline$3$1.accept(ReferencePipeline.java:193)
at java.util.Spliterators$ArraySpliterator.tryAdvance(Spliterators.java:958)
at java.util.stream.ReferencePipeline.forEachWithCancel(ReferencePipeline.java:126)
at java.util.stream.AbstractPipeline.copyIntoWithCancel(AbstractPipeline.java:498)
at java.util.stream.AbstractPipeline.copyInto(AbstractPipeline.java:485)
at java.util.stream.AbstractPipeline.wrapAndCopyInto(AbstractPipeline.java:471)
at java.util.stream.FindOps$FindOp.evaluateSequential(FindOps.java:152)
at java.util.stream.AbstractPipeline.evaluate(AbstractPipeline.java:234)
at java.util.stream.ReferencePipeline.findFirst(ReferencePipeline.java:464)
at org.openqa.selenium.remote.ProtocolHandshake.createSession(ProtocolHandshake.java:126)
at org.openqa.selenium.remote.ProtocolHandshake.createSession(ProtocolHandshake.java:73)
at org.openqa.selenium.remote.HttpCommandExecutor.execute(HttpCommandExecutor.java:136)
at org.openqa.selenium.remote.service.DriverCommandExecutor.execute(DriverCommandExecutor.java:83)
at org.openqa.selenium.remote.RemoteWebDriver.execute(RemoteWebDriver.java:543)
at org.openqa.selenium.remote.RemoteWebDriver.startSession(RemoteWebDriver.java:207)
at org.openqa.selenium.remote.RemoteWebDriver.<init>(RemoteWebDriver.java:130)
at org.openqa.selenium.chrome.ChromeDriver.<init>(ChromeDriver.java:181)
at org.openqa.selenium.chrome.ChromeDriver.<init>(ChromeDriver.java:168)
at org.openqa.selenium.chrome.ChromeDriver.<init>(ChromeDriver.java:123)
at VOXI.VoxiOrder.LounchBrowser(VoxiOrder.java:94)
... Removed 30 stack frames]]>
    </failure>
  </testcase> <!-- @BeforeClass LounchBrowser -->
  <testcase name="@AfterClass CloseBroser" time="0.0" classname="VOXI.VoxiOrder">
    <skipped/>
  </testcase> <!-- @AfterClass CloseBroser -->
  <testcase name="DetailsForNewSim" time="0.0" classname="VOXI.VoxiOrder">
    <skipped/>
  </testcase> <!-- DetailsForNewSim -->
  <testcase name="SelectPlan" time="0.0" classname="VOXI.VoxiOrder">
    <failure type="org.testng.TestNGException" message="
Parameter &amp;apos;plan&amp;apos; is required by @Test on method SelectPlan but has not been marked @Optional or defined
in C:\Users\SinghN3\eclipse-workspace\Selenium1\testing.xml">
      <![CDATA[org.testng.TestNGException: 
Parameter 'plan' is required by @Test on method SelectPlan but has not been marked @Optional or defined
in C:\Users\SinghN3\eclipse-workspace\Selenium1\testing.xml
... Removed 24 stack frames]]>
    </failure>
  </testcase> <!-- SelectPlan -->
  <testcase name="SelectSim" time="0.0" classname="VOXI.VoxiOrder">
    <failure type="org.testng.TestNGException" message="
Parameter &amp;apos;sim&amp;apos; is required by @Test on method SelectSim but has not been marked @Optional or defined
in C:\Users\SinghN3\eclipse-workspace\Selenium1\testing.xml">
      <![CDATA[org.testng.TestNGException: 
Parameter 'sim' is required by @Test on method SelectSim but has not been marked @Optional or defined
in C:\Users\SinghN3\eclipse-workspace\Selenium1\testing.xml
... Removed 24 stack frames]]>
    </failure>
  </testcase> <!-- SelectSim -->
</testsuite> <!-- DetailsForNewSim -->
